[INFO] 18:34:45:292 Coordinador/(4688:4688): Servidor levantado. Socket de escucha: <4>
[INFO] 18:34:48:879 Coordinador/(4688:4691): [Instancia]: Se conecto la instancia en socket <Instancia1>
[INFO] 18:34:51:54 Coordinador/(4688:4691): [Instancia]: Cerrando instancia Instancia1
[INFO] 18:35:23:618 Coordinador/(4695:4695): Servidor levantado. Socket de escucha: <4>
[INFO] 18:35:30:235 Coordinador/(4695:4698): [Instancia]: Se conecto la instancia en socket <caro>
[INFO] 18:35:42:968 Coordinador/(4695:4698): [Instancia]: Cerrando instancia caro
[INFO] 18:35:54:435 Coordinador/(4708:4708): Servidor levantado. Socket de escucha: <4>
[INFO] 18:35:58:722 Coordinador/(4708:4711): [Instancia]: Se conecto la instancia en socket <caro>
[INFO] 18:36:04:988 Coordinador/(4708:4711): [Instancia]: Cerrando instancia caro
[INFO] 18:36:12:563 Coordinador/(4715:4715): Servidor levantado. Socket de escucha: <4>
[INFO] 18:36:17:300 Coordinador/(4715:4718): [Instancia]: Se conecto la instancia en socket <caro>
[INFO] 18:37:08:268 Coordinador/(4715:4718): [Instancia]: Cerrando instancia caro
[INFO] 18:37:28:541 Coordinador/(4723:4723): Servidor levantado. Socket de escucha: <4>
[INFO] 18:37:50:366 Coordinador/(4728:4728): Servidor levantado. Socket de escucha: <4>
[INFO] 18:38:01:1 Coordinador/(4728:4736): [Instancia]: Se conecto la instancia en socket <Instancia1>
[INFO] 18:38:19:770 Coordinador/(4728:4736): [Instancia]: Cerrando instancia Instancia1
[INFO] 18:38:39:108 Coordinador/(4728:4751): [Instancia]: Se conecto la instancia en socket <Instancia1>
[INFO] 18:39:13:94 Coordinador/(4728:4751): [Instancia]: Cerrando instancia Instancia1
[INFO] 18:39:18:976 Coordinador/(4728:4774): [Instancia]: Se conecto la instancia en socket <Instancia1>
[INFO] 18:39:23:63 Coordinador/(4728:4774): [Instancia]: Cerrando instancia Instancia1
[INFO] 18:39:29:492 Coordinador/(4728:4782): [Instancia]: Se conecto la instancia en socket <Instancia1>
[INFO] 18:39:32:321 Coordinador/(4728:4782): [Instancia]: Cerrando instancia Instancia1
[INFO] 18:39:39:16 Coordinador/(4728:4787): [Instancia]: Se conecto la instancia en socket <Instancia1>
[INFO] 01:14:26:936 Coordinador/(2862:2862): Servidor levantado. Socket de escucha: <4>
[INFO] 01:14:41:543 Coordinador/(2862:2863): [Conexiones]: Recibi un Planificador en mi socket: 5
[INFO] 01:16:21:717 Coordinador/(2862:3003): [Instancia]: Se conecto la instancia en socket <Instancia1>
[INFO] 01:18:06:853 Coordinador/(2862:2863): [Conexiones]: Recibi un ESI en mi socket: 8
[INFO] 01:18:40:967 Coordinador/(2862:3089): [GET]: GET de clave futbol:messi
[INFO] 01:18:40:968 Coordinador/(2862:3089): [GET-Instancias]: Enviando clave <futbol:messi> a guardar en instancia <Instancia1>
[INFO] 01:18:41:6 Coordinador/(2862:3089): [GET-Instancias]: Clave <futbol:messi> guardada en instancia <Instancia1>
